This file contains any messages produced by compilers while
running configure, to aid debugging if configure makes a mistake.

It was created by libatomic_ops configure 7.2, which was
generated by GNU Autoconf 2.68.  Invocation command line was

  $ ./configure --prefix=/home/jncronin/tysos/libgc/libatomic_ops-install

## --------- ##
## Platform. ##
## --------- ##

hostname = desktop-john
uname -m = i686
uname -r = 1.7.17(0.262/5/3)
uname -s = CYGWIN_NT-6.1-WOW64
uname -v = 2012-10-19 14:39

/usr/bin/uname -p = unknown
/bin/uname -X     = unknown

/bin/arch              = i686
/usr/bin/arch -k       = unknown
/usr/convex/getsysinfo = unknown
/usr/bin/hostinfo      = unknown
/bin/machine           = unknown
/usr/bin/oslevel       = unknown
/bin/universe          = unknown

PATH: /cygdrive/c/Program Files (x86)/Bochs-2.4.5
PATH: /cygdrive/c/ffmpeg/bin
PATH: /usr/local/bin
PATH: /usr/bin
PATH: /cygdrive/c/Program Files (x86)/Windows Resource Kits/Tools
PATH: /cygdrive/c/Program Files (x86)/ActiveState Komodo Edit 6
PATH: /cygdrive/c/Windows/system32
PATH: /cygdrive/c/Windows
PATH: /cygdrive/c/Windows/System32/Wbem
PATH: /cygdrive/c/Windows/System32/WindowsPowerShell/v1.0
PATH: /cygdrive/c/Program Files (x86)/ATI Technologies/ATI.ACE/Core-Static
PATH: /cygdrive/c/Program Files/TortoiseSVN/bin
PATH: /cygdrive/c/Program Files (x86)/Microsoft SQL Server/100/Tools/Binn
PATH: /cygdrive/c/Program Files (x86)/Microsoft SQL Server/100/DTS/Binn
PATH: /cygdrive/c/Program Files/Microsoft Windows Performance Toolkit
PATH: /cygdrive/c/Windows/idmu/common
PATH: /cygdrive/c/Program Files/Windows Imaging
PATH: /cygdrive/c/Program Files/TortoiseGit/bin
PATH: /cygdrive/c/Program Files (x86)/GtkSharp/2.12/bin
PATH: /cygdrive/c/Program Files (x86)/MKVtoolnix
PATH: /cygdrive/c/Program Files (x86)/OpenVPN/bin
PATH: /cygdrive/c/Program Files/yasm
PATH: /cygdrive/c/Program Files (x86)/Mono-2.10.6/bin
PATH: /cygdrive/c/Program Files (x86)/Steam
PATH: /cygdrive/c/qemu
PATH: /usr/cross/bin
PATH: /usr/cross64/bin
PATH: /usr/local/cross-arm/bin
PATH: /usr/cross/bin
PATH: /usr/cross64/bin
PATH: /usr/local/cross-arm/bin


## ----------- ##
## Core tests. ##
## ----------- ##

configure:2084: checking build system type
configure:2098: result: i686-pc-cygwin
configure:2118: checking host system type
configure:2131: result: i686-pc-cygwin
configure:2151: checking target system type
configure:2164: result: i686-pc-cygwin
configure:2207: checking for a BSD-compatible install
configure:2275: result: /usr/bin/install -c
configure:2286: checking whether build environment is sane
configure:2336: result: yes
configure:2477: checking for a thread-safe mkdir -p
configure:2516: result: /usr/bin/mkdir -p
configure:2529: checking for gawk
configure:2545: found /usr/bin/gawk
configure:2556: result: gawk
configure:2567: checking whether make sets $(MAKE)
configure:2589: result: yes
configure:2712: checking for ranlib
configure:2728: found /usr/bin/ranlib
configure:2739: result: ranlib
configure:2782: checking for style of include used by make
configure:2810: result: GNU
configure:2881: checking for gcc
configure:2908: result: x86_64-elf-gcc
configure:3137: checking for C compiler version
configure:3146: x86_64-elf-gcc --version >&5
x86_64-elf-gcc (GCC) 4.2.1
Copyright (C) 2007 Free Software Foundation, Inc.
This is free software; see the source for copying conditions.  There is NO
warranty; not even for MERCHANTABILITY or FITNESS FOR A PARTICULAR PURPOSE.

configure:3157: $? = 0
configure:3146: x86_64-elf-gcc -v >&5
Using built-in specs.
Target: x86_64-elf
Configured with: ../gcc-4.2.1/configure --target=x86_64-elf --prefix=/usr/cross64 --disable-nls --without-headers
Thread model: single
gcc version 4.2.1
configure:3157: $? = 0
configure:3146: x86_64-elf-gcc -V >&5
x86_64-elf-gcc: '-V' option must have argument
configure:3157: $? = 1
configure:3146: x86_64-elf-gcc -qversion >&5
x86_64-elf-gcc: unrecognized option '-qversion'
x86_64-elf-gcc: no input files
configure:3157: $? = 1
configure:3177: checking whether the C compiler works
configure:3199: x86_64-elf-gcc -DTYSOS -ffreestanding -DNO_CLOCK -DSMALL_CONFIG -I. -O -I./include -I./libatomic_ops-install/include -DATOMIC_UNCOLLECTABLE -DNO_EXECUTE_PERMISSION -DALL_INTERIOR_POINTERS   conftest.c  >&5
/usr/cross64/lib/gcc/x86_64-elf/4.2.1/../../../../x86_64-elf/bin/ld: crt0.o: No such file: No such file or directory
collect2: ld returned 1 exit status
configure:3203: $? = 1
configure:3241: result: no
configure: failed program was:
| /* confdefs.h */
| #define PACKAGE_NAME "libatomic_ops"
| #define PACKAGE_TARNAME "libatomic_ops"
| #define PACKAGE_VERSION "7.2"
| #define PACKAGE_STRING "libatomic_ops 7.2"
| #define PACKAGE_BUGREPORT ""
| #define PACKAGE_URL ""
| #define PACKAGE "libatomic_ops"
| #define VERSION "7.2"
| /* end confdefs.h.  */
| 
| int
| main ()
| {
| 
|   ;
|   return 0;
| }
configure:3246: error: in `/home/jncronin/tysos/libgc/libatomic_ops':
configure:3248: error: C compiler cannot create executables
See `config.log' for more details

## ---------------- ##
## Cache variables. ##
## ---------------- ##

ac_cv_build=i686-pc-cygwin
ac_cv_env_CC_set=set
ac_cv_env_CC_value=x86_64-elf-gcc
ac_cv_env_CFLAGS_set=set
ac_cv_env_CFLAGS_value='-DTYSOS -ffreestanding -DNO_CLOCK -DSMALL_CONFIG -I. -O -I./include -I./libatomic_ops-install/include -DATOMIC_UNCOLLECTABLE -DNO_EXECUTE_PERMISSION -DALL_INTERIOR_POINTERS'
ac_cv_env_CPPFLAGS_set=
ac_cv_env_CPPFLAGS_value=
ac_cv_env_CPP_set=
ac_cv_env_CPP_value=
ac_cv_env_LDFLAGS_set=
ac_cv_env_LDFLAGS_value=
ac_cv_env_LIBS_set=
ac_cv_env_LIBS_value=
ac_cv_env_build_alias_set=
ac_cv_env_build_alias_value=
ac_cv_env_host_alias_set=
ac_cv_env_host_alias_value=
ac_cv_env_target_alias_set=
ac_cv_env_target_alias_value=
ac_cv_host=i686-pc-cygwin
ac_cv_path_install='/usr/bin/install -c'
ac_cv_path_mkdir=/usr/bin/mkdir
ac_cv_prog_AWK=gawk
ac_cv_prog_ac_ct_CC=x86_64-elf-gcc
ac_cv_prog_ac_ct_RANLIB=ranlib
ac_cv_prog_make_make_set=yes
ac_cv_target=i686-pc-cygwin

## ----------------- ##
## Output variables. ##
## ----------------- ##

ACLOCAL='${SHELL} /home/jncronin/tysos/libgc/libatomic_ops/missing --run aclocal-1.11'
AMDEPBACKSLASH='\'
AMDEP_FALSE='#'
AMDEP_TRUE=''
AMTAR='$${TAR-tar}'
AUTOCONF='${SHELL} /home/jncronin/tysos/libgc/libatomic_ops/missing --run autoconf'
AUTOHEADER='${SHELL} /home/jncronin/tysos/libgc/libatomic_ops/missing --run autoheader'
AUTOMAKE='${SHELL} /home/jncronin/tysos/libgc/libatomic_ops/missing --run automake-1.11'
AWK='gawk'
CC='x86_64-elf-gcc'
CCDEPMODE=''
CFLAGS='-DTYSOS -ffreestanding -DNO_CLOCK -DSMALL_CONFIG -I. -O -I./include -I./libatomic_ops-install/include -DATOMIC_UNCOLLECTABLE -DNO_EXECUTE_PERMISSION -DALL_INTERIOR_POINTERS'
CPP=''
CPPFLAGS=''
CYGPATH_W='cygpath -w'
DEFS=''
DEPDIR='.deps'
ECHO_C=''
ECHO_N='-n'
ECHO_T=''
EGREP=''
EXEEXT=''
GREP=''
HAVE_PTHREAD_H_FALSE=''
HAVE_PTHREAD_H_TRUE=''
INSTALL_DATA='${INSTALL} -m 644'
INSTALL_PROGRAM='${INSTALL}'
INSTALL_SCRIPT='${INSTALL}'
INSTALL_STRIP_PROGRAM='$(install_sh) -c -s'
LDFLAGS=''
LIBOBJS=''
LIBS=''
LTLIBOBJS=''
MAKEINFO='${SHELL} /home/jncronin/tysos/libgc/libatomic_ops/missing --run makeinfo'
MKDIR_P='/usr/bin/mkdir -p'
NEED_ASM_FALSE=''
NEED_ASM_TRUE=''
OBJEXT=''
PACKAGE='libatomic_ops'
PACKAGE_BUGREPORT=''
PACKAGE_NAME='libatomic_ops'
PACKAGE_STRING='libatomic_ops 7.2'
PACKAGE_TARNAME='libatomic_ops'
PACKAGE_URL=''
PACKAGE_VERSION='7.2'
PATH_SEPARATOR=':'
PICFLAG=''
RANLIB='ranlib'
SET_MAKE=''
SHELL='/bin/sh'
STRIP=''
THREADDLLIBS=''
VERSION='7.2'
ac_ct_CC='x86_64-elf-gcc'
am__EXEEXT_FALSE=''
am__EXEEXT_TRUE=''
am__fastdepCC_FALSE=''
am__fastdepCC_TRUE=''
am__include='include'
am__isrc=''
am__leading_dot='.'
am__nodep='_no'
am__quote=''
am__tar='$${TAR-tar} chof - "$$tardir"'
am__untar='$${TAR-tar} xf -'
bindir='${exec_prefix}/bin'
build='i686-pc-cygwin'
build_alias=''
build_cpu='i686'
build_os='cygwin'
build_vendor='pc'
datadir='${datarootdir}'
datarootdir='${prefix}/share'
docdir='${datarootdir}/doc/${PACKAGE_TARNAME}'
dvidir='${docdir}'
exec_prefix='NONE'
host='i686-pc-cygwin'
host_alias=''
host_cpu='i686'
host_os='cygwin'
host_vendor='pc'
htmldir='${docdir}'
includedir='${prefix}/include'
infodir='${datarootdir}/info'
install_sh='${SHELL} /home/jncronin/tysos/libgc/libatomic_ops/install-sh'
libdir='${exec_prefix}/lib'
libexecdir='${exec_prefix}/libexec'
localedir='${datarootdir}/locale'
localstatedir='${prefix}/var'
mandir='${datarootdir}/man'
mkdir_p='/usr/bin/mkdir -p'
oldincludedir='/usr/include'
pdfdir='${docdir}'
prefix='/home/jncronin/tysos/libgc/libatomic_ops-install'
program_transform_name='s,x,x,'
psdir='${docdir}'
sbindir='${exec_prefix}/sbin'
sharedstatedir='${prefix}/com'
sysconfdir='${prefix}/etc'
target='i686-pc-cygwin'
target_alias=''
target_cpu='i686'
target_os='cygwin'
target_vendor='pc'

## ----------- ##
## confdefs.h. ##
## ----------- ##

/* confdefs.h */
#define PACKAGE_NAME "libatomic_ops"
#define PACKAGE_TARNAME "libatomic_ops"
#define PACKAGE_VERSION "7.2"
#define PACKAGE_STRING "libatomic_ops 7.2"
#define PACKAGE_BUGREPORT ""
#define PACKAGE_URL ""
#define PACKAGE "libatomic_ops"
#define VERSION "7.2"

configure: exit 77
